2884681602
684012054
3035089094
1032571122
2712635452
3928032862
847928138
205167954
1221295108
3053248546
1967424048
1872993608
3060308660
1939889908
1437227184
3127621224
2278658562
1434632462
3208444074
2853256412
3395984750
3240212618
251172896
734187414
2729119380
3478557048
1125560154
2603451858
1621399916
2785901044
518024416
1234770174
2231800376
659505770
3581255244
2794250764
1368557068
2811145862
2422742758
3281036208
1524414932
2199059184
2255308022
3239705600
3088573844
2941527160
2591775116
1406716702
2770884808
3776060032
1957605316
1585498664
2392566602
2101395208
1576375376
2734286786
3542413144
2321805260
3008816352
1813657256
